TN:
SF:src\Component.js
FN:4,<instance_members_initializer>
FN:10,Component
FN:23,setHandler
FN:43,setState
FN:55,onMount
FN:59,render
FNF:6
FNH:6
FNDA:14,<instance_members_initializer>
FNDA:14,Component
FNDA:36,setHandler
FNDA:22,setState
FNDA:7,onMount
FNDA:2,render
DA:1,1
DA:2,1
DA:3,1
DA:4,1
DA:5,14
DA:6,14
DA:7,14
DA:8,14
DA:9,1
DA:10,1
DA:11,14
DA:12,14
DA:13,14
DA:14,14
DA:15,14
DA:16,14
DA:17,14
DA:18,14
DA:19,14
DA:20,14
DA:21,14
DA:22,1
DA:23,1
DA:24,36
DA:25,48
DA:26,48
DA:27,48
DA:28,36
DA:29,36
DA:30,36
DA:31,48
DA:32,48
DA:33,48
DA:34,48
DA:35,49
DA:36,49
DA:37,49
DA:38,49
DA:39,48
DA:40,48
DA:41,48
DA:42,1
DA:43,1
DA:44,22
DA:45,22
DA:46,22
DA:47,22
DA:48,22
DA:49,22
DA:50,22
DA:51,22
DA:52,22
DA:53,22
DA:54,1
DA:55,1
DA:56,7
DA:57,7
DA:58,1
DA:59,1
DA:60,2
DA:61,2
DA:62,1
LF:62
LH:62
BRDA:4,0,0,14
BRDA:10,1,0,14
BRDA:12,2,0,14
BRDA:23,3,0,36
BRDA:30,4,0,48
BRDA:24,5,0,48
BRDA:34,6,0,49
BRDA:43,7,0,22
BRDA:55,8,0,7
BRDA:59,9,0,2
BRF:10
BRH:10
end_of_record
TN:
SF:src\constants.js
FNF:0
FNH:0
DA:1,1
LF:1
LH:1
BRF:0
BRH:0
end_of_record
TN:
SF:src\getCoordByCity.js
FN:8,getCoordByCity
FNF:1
FNH:1
FNDA:1,getCoordByCity
DA:1,1
DA:2,1
DA:3,1
DA:4,1
DA:5,1
DA:6,1
DA:7,1
DA:8,1
DA:9,1
DA:10,1
DA:11,1
DA:12,1
DA:13,1
DA:14,1
DA:15,1
DA:16,1
DA:17,1
DA:18,1
DA:19,1
DA:20,1
DA:21,1
DA:22,1
DA:23,1
DA:24,1
DA:25,1
DA:26,1
DA:27,1
DA:28,1
DA:29,0
DA:30,0
DA:31,1
LF:31
LH:29
BRDA:8,0,0,1
BRDA:28,1,0,0
BRF:2
BRH:1
end_of_record
TN:
SF:src\getWeatherByCoord.js
FN:3,getWeatherByCoord
FNF:1
FNH:1
FNDA:3,getWeatherByCoord
DA:1,1
DA:2,1
DA:3,1
DA:4,3
DA:5,3
DA:6,3
DA:7,3
DA:8,3
DA:9,3
DA:10,3
DA:11,3
DA:12,3
DA:13,3
DA:14,3
DA:15,3
DA:16,3
DA:17,3
DA:18,0
DA:19,0
DA:20,3
LF:20
LH:18
BRDA:3,0,0,3
BRDA:13,1,0,0
BRDA:17,2,0,0
BRF:3
BRH:1
end_of_record
TN:
SF:src\loading.js
FN:1,loading
FNF:1
FNH:1
FNDA:2,loading
DA:1,1
DA:2,2
DA:3,2
DA:4,2
DA:5,2
DA:6,2
DA:7,2
DA:8,2
DA:9,2
DA:10,2
LF:10
LH:10
BRDA:1,0,0,2
BRF:1
BRH:1
end_of_record
TN:
SF:src\map.js
FN:3,renderMap
FNF:1
FNH:1
FNDA:1,renderMap
DA:1,1
DA:2,1
DA:3,1
DA:4,1
DA:5,1
DA:6,1
DA:7,0
DA:8,0
DA:9,0
DA:10,0
DA:11,0
DA:12,1
DA:13,1
DA:14,0
DA:15,1
DA:16,1
LF:16
LH:10
BRDA:3,0,0,1
BRF:1
BRH:1
end_of_record
TN:
SF:src\renderCity.js
FN:4,<instance_members_initializer>
FN:6,render
FNF:2
FNH:2
FNDA:2,<instance_members_initializer>
FNDA:4,render
DA:1,1
DA:2,1
DA:3,1
DA:4,1
DA:5,1
DA:6,1
DA:7,4
DA:8,4
DA:9,4
DA:10,4
DA:11,4
DA:12,4
DA:13,4
DA:14,4
DA:15,0
DA:16,4
DA:17,4
DA:18,4
DA:19,4
DA:20,4
DA:21,4
DA:22,4
DA:23,4
DA:24,4
DA:25,4
DA:26,4
DA:27,4
DA:28,4
DA:29,4
DA:30,1
LF:30
LH:29
BRDA:4,0,0,2
BRDA:6,1,0,4
BRDA:15,2,0,0
BRF:3
BRH:2
end_of_record
TN:
SF:src\renderUI.js
FN:6,<instance_members_initializer>
FN:10,setInputValue
FN:22,setTags
FN:28,onMount
FN:37,changeCity
FN:54,render
FNF:6
FNH:4
FNDA:7,<instance_members_initializer>
FNDA:0,setInputValue
FNDA:7,setTags
FNDA:7,onMount
FNDA:0,changeCity
FNDA:21,render
DA:1,1
DA:2,1
DA:3,1
DA:4,1
DA:5,1
DA:6,1
DA:7,7
DA:8,7
DA:9,7
DA:10,7
DA:11,0
DA:12,0
DA:13,0
DA:14,0
DA:15,0
DA:16,0
DA:17,0
DA:18,0
DA:19,0
DA:20,0
DA:21,7
DA:22,7
DA:23,7
DA:24,7
DA:25,7
DA:26,7
DA:27,7
DA:28,7
DA:29,7
DA:30,7
DA:31,7
DA:32,1
DA:33,6
DA:34,7
DA:35,7
DA:36,7
DA:37,7
DA:38,0
DA:39,0
DA:40,0
DA:41,0
DA:42,0
DA:43,0
DA:44,0
DA:45,0
DA:46,0
DA:47,0
DA:48,7
DA:49,7
DA:50,7
DA:51,7
DA:52,7
DA:53,1
DA:54,1
DA:55,21
DA:56,21
DA:57,21
DA:58,21
DA:59,21
DA:60,21
DA:61,21
DA:62,21
DA:63,21
DA:64,21
DA:65,21
DA:66,21
DA:67,21
DA:68,21
DA:69,21
DA:70,21
DA:71,21
DA:72,1
LF:72
LH:52
BRDA:6,0,0,7
BRDA:22,1,0,7
BRDA:28,2,0,7
BRDA:32,3,0,1
BRDA:33,4,0,6
BRDA:32,5,0,10
BRDA:54,6,0,21
BRF:7
BRH:7
end_of_record
TN:
SF:src\saveHistory.js
FN:1,saveHistory
FNF:1
FNH:1
FNDA:3,saveHistory
DA:1,1
DA:2,3
DA:3,3
DA:4,3
DA:5,2
DA:6,2
DA:7,1
DA:8,1
DA:9,2
DA:10,3
DA:11,1
DA:12,1
DA:13,3
LF:13
LH:13
BRDA:1,0,0,3
BRDA:4,1,0,2
BRDA:6,2,0,1
BRDA:10,3,0,1
BRF:4
BRH:4
end_of_record
TN:
SF:src\templateEngine\templateEngine.js
FN:5,templateEngine
FNF:1
FNH:1
FNDA:78,templateEngine
DA:1,1
DA:2,1
DA:3,1
DA:4,1
DA:5,1
DA:6,78
DA:7,78
DA:8,78
DA:9,78
DA:10,78
DA:11,78
DA:12,78
DA:13,78
DA:14,78
DA:15,78
DA:16,78
DA:17,78
DA:18,78
DA:19,78
DA:20,78
DA:21,78
DA:22,78
DA:23,78
LF:23
LH:23
BRDA:5,0,0,78
BRF:1
BRH:1
end_of_record
TN:
SF:src\templateEngine\templateEngineData.js
FN:1,templateEngineData
FNF:1
FNH:1
FNDA:78,templateEngineData
DA:1,1
DA:2,78
DA:3,78
DA:4,78
DA:5,42
DA:6,78
DA:7,78
LF:7
LH:7
BRDA:1,0,0,78
BRDA:4,1,0,42
BRDA:5,2,0,29
BRDA:5,3,0,13
BRF:4
BRH:4
end_of_record
TN:
SF:src\templateEngine\templateEngineFor.js
FN:1,templateEngineFor
FNF:1
FNH:1
FNDA:78,templateEngineFor
DA:1,1
DA:2,78
DA:3,78
DA:4,78
DA:5,23
DA:6,23
DA:7,9
DA:8,9
DA:9,9
DA:10,9
DA:11,9
DA:12,15
DA:13,12
DA:14,12
DA:15,12
DA:16,12
DA:17,12
DA:18,12
DA:19,12
DA:20,12
DA:21,15
DA:22,3
DA:23,3
DA:24,3
DA:25,3
DA:26,3
DA:27,15
DA:28,9
DA:29,23
DA:30,23
DA:31,78
DA:32,78
LF:32
LH:32
BRDA:1,0,0,78
BRDA:4,1,0,23
BRDA:6,2,0,9
BRDA:11,3,0,15
BRDA:12,4,0,12
BRDA:21,5,0,3
BRF:6
BRH:6
end_of_record
TN:
SF:src\templateEngine\templateEngineIf.js
FN:1,templateEngineIf
FNF:1
FNH:1
FNDA:78,templateEngineIf
DA:1,1
DA:2,78
DA:3,78
DA:4,78
DA:5,22
DA:6,78
DA:7,78
LF:7
LH:7
BRDA:1,0,0,78
BRDA:4,1,0,22
BRF:2
BRH:2
end_of_record
